Apr 28, 2015 7:59:46 PM org.apache.solr.servlet.SolrDispatchFilter init
INFO: SolrDispatchFilter.init()
Apr 28, 2015 7:59:46 PM org.apache.solr.core.SolrResourceLoader locateSolrHome
INFO: JNDI not configured for solr (NoInitialContextEx)
Apr 28, 2015 7:59:46 PM org.apache.solr.core.SolrResourceLoader locateSolrHome
INFO: using system property solr.solr.home: /home/ubuntu/workspace/solr
Apr 28, 2015 7:59:46 PM org.apache.solr.core.CoreContainer$Initializer initialize
INFO: looking for solr.xml: /home/ubuntu/workspace/solr/solr.xml
Apr 28, 2015 7:59:46 PM org.apache.solr.core.CoreContainer <init>
INFO: New CoreContainer 568182382
Apr 28, 2015 7:59:46 PM org.apache.solr.core.CoreContainer load
INFO: Loading CoreContainer using Solr Home: '/home/ubuntu/workspace/solr/'
Apr 28, 2015 7:59:46 PM org.apache.solr.core.SolrResourceLoader <init>
INFO: new SolrResourceLoader for directory: '/home/ubuntu/workspace/solr/'
Apr 28, 2015 7:59:46 PM org.apache.solr.handler.component.HttpShardHandlerFactory getParameter
INFO: Setting socketTimeout to: 0
Apr 28, 2015 7:59:46 PM org.apache.solr.handler.component.HttpShardHandlerFactory getParameter
INFO: Setting urlScheme to: http://
Apr 28, 2015 7:59:46 PM org.apache.solr.handler.component.HttpShardHandlerFactory getParameter
INFO: Setting connTimeout to: 0
Apr 28, 2015 7:59:46 PM org.apache.solr.handler.component.HttpShardHandlerFactory getParameter
INFO: Setting maxConnectionsPerHost to: 20
Apr 28, 2015 7:59:46 PM org.apache.solr.handler.component.HttpShardHandlerFactory getParameter
INFO: Setting corePoolSize to: 0
Apr 28, 2015 7:59:46 PM org.apache.solr.handler.component.HttpShardHandlerFactory getParameter
INFO: Setting maximumPoolSize to: 2147483647
Apr 28, 2015 7:59:46 PM org.apache.solr.handler.component.HttpShardHandlerFactory getParameter
INFO: Setting maxThreadIdleTime to: 5
Apr 28, 2015 7:59:46 PM org.apache.solr.handler.component.HttpShardHandlerFactory getParameter
INFO: Setting sizeOfQueue to: -1
Apr 28, 2015 7:59:46 PM org.apache.solr.handler.component.HttpShardHandlerFactory getParameter
INFO: Setting fairnessPolicy to: false
Apr 28, 2015 7:59:46 PM org.apache.solr.client.solrj.impl.HttpClientUtil createClient
INFO: Creating new http client, config:maxConnectionsPerHost=20&maxConnections=10000&socketTimeout=0&connTimeout=0&retry=false
Apr 28, 2015 7:59:47 PM org.apache.solr.core.CoreContainer load
INFO: Registering Log Listener
Apr 28, 2015 7:59:47 PM org.apache.solr.core.CoreContainer create
INFO: Creating SolrCore 'default' using instanceDir: /home/ubuntu/workspace/solr/.
Apr 28, 2015 7:59:47 PM org.apache.solr.core.CoreContainer create
INFO: Creating SolrCore 'development' using instanceDir: /home/ubuntu/workspace/solr/.
Apr 28, 2015 7:59:47 PM org.apache.solr.core.SolrResourceLoader <init>
INFO: new SolrResourceLoader for directory: '/home/ubuntu/workspace/solr/./'
Apr 28, 2015 7:59:47 PM org.apache.solr.core.CoreContainer create
INFO: Creating SolrCore 'test' using instanceDir: /home/ubuntu/workspace/solr/.
Apr 28, 2015 7:59:47 PM org.apache.solr.core.SolrResourceLoader <init>
INFO: new SolrResourceLoader for directory: '/home/ubuntu/workspace/solr/./'
Apr 28, 2015 7:59:47 PM org.apache.solr.core.SolrResourceLoader <init>
INFO: new SolrResourceLoader for directory: '/home/ubuntu/workspace/solr/./'
Apr 28, 2015 7:59:48 PM org.apache.solr.core.SolrConfig <init>
INFO: Using Lucene MatchVersion: LUCENE_41
Apr 28, 2015 7:59:48 PM org.apache.solr.core.SolrConfig <init>
INFO: Using Lucene MatchVersion: LUCENE_41
Apr 28, 2015 7:59:48 PM org.apache.solr.core.SolrConfig <init>
INFO: Using Lucene MatchVersion: LUCENE_41
Apr 28, 2015 7:59:49 PM org.apache.solr.core.SolrConfig <init>
INFO: Loaded SolrConfig: solrconfig.xml
Apr 28, 2015 7:59:49 PM org.apache.solr.core.SolrConfig <init>
INFO: Loaded SolrConfig: solrconfig.xml
Apr 28, 2015 7:59:49 PM org.apache.solr.core.SolrConfig <init>
INFO: Loaded SolrConfig: solrconfig.xml
Apr 28, 2015 7:59:49 PM org.apache.solr.schema.IndexSchema readSchema
INFO: Reading Solr Schema
Apr 28, 2015 7:59:49 PM org.apache.solr.schema.IndexSchema readSchema
INFO: Reading Solr Schema
Apr 28, 2015 7:59:49 PM org.apache.solr.schema.IndexSchema readSchema
INFO: Reading Solr Schema
Apr 28, 2015 7:59:49 PM org.apache.solr.schema.IndexSchema readSchema
INFO: Schema name=sunspot
Apr 28, 2015 7:59:49 PM org.apache.solr.schema.IndexSchema readSchema
INFO: Schema name=sunspot
Apr 28, 2015 7:59:49 PM org.apache.solr.schema.IndexSchema readSchema
INFO: Schema name=sunspot
Apr 28, 2015 7:59:50 PM org.apache.solr.schema.IndexSchema readSchema
INFO: default search field in schema is text
Apr 28, 2015 7:59:50 PM org.apache.solr.schema.IndexSchema readSchema
INFO: default search field in schema is text
Apr 28, 2015 7:59:50 PM org.apache.solr.schema.IndexSchema readSchema
INFO: query parser default operator is AND
Apr 28, 2015 7:59:50 PM org.apache.solr.schema.IndexSchema readSchema
INFO: query parser default operator is AND
Apr 28, 2015 7:59:50 PM org.apache.solr.schema.IndexSchema readSchema
INFO: unique key field: id
Apr 28, 2015 7:59:50 PM org.apache.solr.schema.IndexSchema readSchema
INFO: unique key field: id
Apr 28, 2015 7:59:50 PM org.apache.solr.schema.IndexSchema readSchema
INFO: default search field in schema is text
Apr 28, 2015 7:59:50 PM org.apache.solr.schema.IndexSchema readSchema
INFO: query parser default operator is AND
Apr 28, 2015 7:59:50 PM org.apache.solr.schema.IndexSchema readSchema
INFO: unique key field: id
Apr 28, 2015 7:59:50 PM org.apache.solr.core.SolrCore <init>
INFO: [development] Opening new SolrCore at /home/ubuntu/workspace/solr/./, dataDir=/home/ubuntu/workspace/solr/./development/data/
Apr 28, 2015 7:59:50 PM org.apache.solr.core.SolrCore <init>
INFO: [test] Opening new SolrCore at /home/ubuntu/workspace/solr/./, dataDir=/home/ubuntu/workspace/solr/./test/data/
Apr 28, 2015 7:59:50 PM org.apache.solr.core.SolrCore <init>
INFO: [default] Opening new SolrCore at /home/ubuntu/workspace/solr/./, dataDir=/home/ubuntu/workspace/solr/./default/data/
Apr 28, 2015 7:59:50 PM org.apache.solr.core.SolrCore <init>
INFO: JMX monitoring not detected for core: test
Apr 28, 2015 7:59:50 PM org.apache.solr.core.SolrCore <init>
INFO: JMX monitoring not detected for core: development
Apr 28, 2015 7:59:50 PM org.apache.solr.core.SolrCore <init>
INFO: JMX monitoring not detected for core: default
Apr 28, 2015 7:59:50 PM org.apache.solr.core.SolrCore initDirectoryFactory
INFO: solr.NRTCachingDirectoryFactory
Apr 28, 2015 7:59:50 PM org.apache.solr.core.SolrCore initDirectoryFactory
INFO: solr.NRTCachingDirectoryFactory
Apr 28, 2015 7:59:50 PM org.apache.solr.core.SolrCore initDirectoryFactory
INFO: solr.NRTCachingDirectoryFactory
Apr 28, 2015 7:59:51 PM org.apache.solr.core.CachingDirectoryFactory get
INFO: return new directory for /home/ubuntu/workspace/solr/./default/data forceNew: false
Apr 28, 2015 7:59:51 PM org.apache.solr.core.CachingDirectoryFactory get
INFO: return new directory for /home/ubuntu/workspace/solr/./development/data forceNew: false
Apr 28, 2015 7:59:51 PM org.apache.solr.core.CachingDirectoryFactory get
INFO: return new directory for /home/ubuntu/workspace/solr/./test/data forceNew: false
Apr 28, 2015 7:59:51 PM org.apache.solr.core.SolrCore getNewIndexDir
INFO: New index directory detected: old=null new=/home/ubuntu/workspace/solr/./development/data/index/
Apr 28, 2015 7:59:51 PM org.apache.solr.core.SolrCore getNewIndexDir
INFO: New index directory detected: old=null new=/home/ubuntu/workspace/solr/./default/data/index/
Apr 28, 2015 7:59:51 PM org.apache.solr.core.SolrCore initIndex
WARNING: [development] Solr index directory '/home/ubuntu/workspace/solr/./development/data/index' doesn't exist. Creating new index...
Apr 28, 2015 7:59:51 PM org.apache.solr.core.SolrCore getNewIndexDir
INFO: New index directory detected: old=null new=/home/ubuntu/workspace/solr/./test/data/index/
Apr 28, 2015 7:59:51 PM org.apache.solr.core.SolrCore initIndex
WARNING: [default] Solr index directory '/home/ubuntu/workspace/solr/./default/data/index' doesn't exist. Creating new index...
Apr 28, 2015 7:59:51 PM org.apache.solr.core.SolrCore initIndex
WARNING: [test] Solr index directory '/home/ubuntu/workspace/solr/./test/data/index' doesn't exist. Creating new index...
Apr 28, 2015 7:59:51 PM org.apache.solr.core.CachingDirectoryFactory get
INFO: return new directory for /home/ubuntu/workspace/solr/./default/data/index forceNew: false
Apr 28, 2015 7:59:51 PM org.apache.solr.core.CachingDirectoryFactory get
INFO: return new directory for /home/ubuntu/workspace/solr/./development/data/index forceNew: false
Apr 28, 2015 7:59:51 PM org.apache.solr.core.CachingDirectoryFactory get
INFO: return new directory for /home/ubuntu/workspace/solr/./test/data/index forceNew: false
Apr 28, 2015 7:59:51 PM org.apache.solr.core.SolrDeletionPolicy onCommit
INFO: SolrDeletionPolicy.onCommit: commits:num=1
	commit{dir=NRTCachingDirectory(org.apache.lucene.store.MMapDirectory@/home/ubuntu/workspace/solr/default/data/index lockFactory=org.apache.lucene.store.NativeFSLockFactory@1ffcc647; maxCacheMB=48.0 maxMergeSizeMB=4.0),segFN=segments_1,generation=1,filenames=[segments_1]
Apr 28, 2015 7:59:51 PM org.apache.solr.core.SolrDeletionPolicy onCommit
INFO: SolrDeletionPolicy.onCommit: commits:num=1
	commit{dir=NRTCachingDirectory(org.apache.lucene.store.MMapDirectory@/home/ubuntu/workspace/solr/test/data/index lockFactory=org.apache.lucene.store.NativeFSLockFactory@36073607; maxCacheMB=48.0 maxMergeSizeMB=4.0),segFN=segments_1,generation=1,filenames=[segments_1]
Apr 28, 2015 7:59:51 PM org.apache.solr.core.SolrDeletionPolicy onCommit
INFO: SolrDeletionPolicy.onCommit: commits:num=1
	commit{dir=NRTCachingDirectory(org.apache.lucene.store.MMapDirectory@/home/ubuntu/workspace/solr/development/data/index lockFactory=org.apache.lucene.store.NativeFSLockFactory@136c2147; maxCacheMB=48.0 maxMergeSizeMB=4.0),segFN=segments_1,generation=1,filenames=[segments_1]
Apr 28, 2015 7:59:51 PM org.apache.solr.core.SolrDeletionPolicy updateCommits
INFO: newest commit = 1[segments_1]
Apr 28, 2015 7:59:51 PM org.apache.solr.core.SolrDeletionPolicy updateCommits
INFO: newest commit = 1[segments_1]
Apr 28, 2015 7:59:51 PM org.apache.solr.core.SolrDeletionPolicy updateCommits
INFO: newest commit = 1[segments_1]
Apr 28, 2015 7:59:51 PM org.apache.solr.core.RequestHandlers initHandlersFromConfig
INFO: created /select: solr.SearchHandler
Apr 28, 2015 7:59:51 PM org.apache.solr.core.RequestHandlers initHandlersFromConfig
INFO: created /select: solr.SearchHandler
Apr 28, 2015 7:59:51 PM org.apache.solr.core.RequestHandlers initHandlersFromConfig
INFO: created /select: solr.SearchHandler
Apr 28, 2015 7:59:51 PM org.apache.solr.core.RequestHandlers initHandlersFromConfig
INFO: created /query: solr.SearchHandler
Apr 28, 2015 7:59:51 PM org.apache.solr.core.RequestHandlers initHandlersFromConfig
INFO: created /query: solr.SearchHandler
Apr 28, 2015 7:59:51 PM org.apache.solr.core.RequestHandlers initHandlersFromConfig
INFO: created /query: solr.SearchHandler
Apr 28, 2015 7:59:51 PM org.apache.solr.core.RequestHandlers initHandlersFromConfig
INFO: created /get: solr.RealTimeGetHandler
Apr 28, 2015 7:59:52 PM org.apache.solr.core.RequestHandlers initHandlersFromConfig
INFO: created /get: solr.RealTimeGetHandler
Apr 28, 2015 7:59:52 PM org.apache.solr.core.RequestHandlers initHandlersFromConfig
INFO: created /get: solr.RealTimeGetHandler
Apr 28, 2015 7:59:52 PM org.apache.solr.core.RequestHandlers initHandlersFromConfig
INFO: created /update: solr.UpdateRequestHandler
Apr 28, 2015 7:59:52 PM org.apache.solr.core.RequestHandlers initHandlersFromConfig
INFO: created /update: solr.UpdateRequestHandler
Apr 28, 2015 7:59:52 PM org.apache.solr.core.RequestHandlers initHandlersFromConfig
INFO: created /update: solr.UpdateRequestHandler
Apr 28, 2015 7:59:52 PM org.apache.solr.core.RequestHandlers initHandlersFromConfig
INFO: created /update/json: solr.JsonUpdateRequestHandler
Apr 28, 2015 7:59:52 PM org.apache.solr.core.RequestHandlers initHandlersFromConfig
INFO: created /update/json: solr.JsonUpdateRequestHandler
Apr 28, 2015 7:59:52 PM org.apache.solr.core.RequestHandlers initHandlersFromConfig
INFO: created /update/csv: solr.CSVRequestHandler
Apr 28, 2015 7:59:52 PM org.apache.solr.core.RequestHandlers initHandlersFromConfig
INFO: created /update/json: solr.JsonUpdateRequestHandler
Apr 28, 2015 7:59:52 PM org.apache.solr.core.RequestHandlers initHandlersFromConfig
INFO: created /update/csv: solr.CSVRequestHandler
Apr 28, 2015 7:59:52 PM org.apache.solr.core.RequestHandlers initHandlersFromConfig
INFO: created /update/csv: solr.CSVRequestHandler
Apr 28, 2015 7:59:52 PM org.apache.solr.core.RequestHandlers initHandlersFromConfig
INFO: adding lazy requestHandler: solr.extraction.ExtractingRequestHandler
Apr 28, 2015 7:59:52 PM org.apache.solr.core.RequestHandlers initHandlersFromConfig
INFO: adding lazy requestHandler: solr.extraction.ExtractingRequestHandler
Apr 28, 2015 7:59:52 PM org.apache.solr.core.RequestHandlers initHandlersFromConfig
INFO: adding lazy requestHandler: solr.extraction.ExtractingRequestHandler
Apr 28, 2015 7:59:52 PM org.apache.solr.core.RequestHandlers initHandlersFromConfig
INFO: created /update/extract: solr.extraction.ExtractingRequestHandler
Apr 28, 2015 7:59:52 PM org.apache.solr.core.RequestHandlers initHandlersFromConfig
INFO: created /update/extract: solr.extraction.ExtractingRequestHandler
Apr 28, 2015 7:59:52 PM org.apache.solr.core.RequestHandlers initHandlersFromConfig
INFO: adding lazy requestHandler: solr.FieldAnalysisRequestHandler
Apr 28, 2015 7:59:52 PM org.apache.solr.core.RequestHandlers initHandlersFromConfig
INFO: created /analysis/field: solr.FieldAnalysisRequestHandler
Apr 28, 2015 7:59:52 PM org.apache.solr.core.RequestHandlers initHandlersFromConfig
INFO: adding lazy requestHandler: solr.DocumentAnalysisRequestHandler
Apr 28, 2015 7:59:52 PM org.apache.solr.core.RequestHandlers initHandlersFromConfig
INFO: created /analysis/document: solr.DocumentAnalysisRequestHandler
Apr 28, 2015 7:59:52 PM org.apache.solr.core.RequestHandlers initHandlersFromConfig
INFO: created /update/extract: solr.extraction.ExtractingRequestHandler
Apr 28, 2015 7:59:52 PM org.apache.solr.core.RequestHandlers initHandlersFromConfig
INFO: adding lazy requestHandler: solr.FieldAnalysisRequestHandler
Apr 28, 2015 7:59:52 PM org.apache.solr.core.RequestHandlers initHandlersFromConfig
INFO: adding lazy requestHandler: solr.FieldAnalysisRequestHandler
Apr 28, 2015 7:59:52 PM org.apache.solr.core.RequestHandlers initHandlersFromConfig
INFO: created /analysis/field: solr.FieldAnalysisRequestHandler
Apr 28, 2015 7:59:52 PM org.apache.solr.core.RequestHandlers initHandlersFromConfig
INFO: created /analysis/field: solr.FieldAnalysisRequestHandler
Apr 28, 2015 7:59:52 PM org.apache.solr.core.RequestHandlers initHandlersFromConfig
INFO: adding lazy requestHandler: solr.DocumentAnalysisRequestHandler
Apr 28, 2015 7:59:52 PM org.apache.solr.core.RequestHandlers initHandlersFromConfig
INFO: adding lazy requestHandler: solr.DocumentAnalysisRequestHandler
Apr 28, 2015 7:59:52 PM org.apache.solr.core.RequestHandlers initHandlersFromConfig
INFO: created /analysis/document: solr.DocumentAnalysisRequestHandler
Apr 28, 2015 7:59:52 PM org.apache.solr.core.RequestHandlers initHandlersFromConfig
INFO: created /analysis/document: solr.DocumentAnalysisRequestHandler
Apr 28, 2015 7:59:52 PM org.apache.solr.core.RequestHandlers initHandlersFromConfig
INFO: created /admin/ping: solr.PingRequestHandler
Apr 28, 2015 7:59:52 PM org.apache.solr.core.RequestHandlers initHandlersFromConfig
INFO: created /admin/ping: solr.PingRequestHandler
Apr 28, 2015 7:59:52 PM org.apache.solr.core.RequestHandlers initHandlersFromConfig
INFO: created /admin/ping: solr.PingRequestHandler
Apr 28, 2015 7:59:52 PM org.apache.solr.core.RequestHandlers initHandlersFromConfig
INFO: created /debug/dump: solr.DumpRequestHandler
Apr 28, 2015 7:59:52 PM org.apache.solr.core.RequestHandlers initHandlersFromConfig
INFO: created /debug/dump: solr.DumpRequestHandler
Apr 28, 2015 7:59:52 PM org.apache.solr.core.RequestHandlers initHandlersFromConfig
INFO: created /debug/dump: solr.DumpRequestHandler
Apr 28, 2015 7:59:52 PM org.apache.solr.core.RequestHandlers initHandlersFromConfig
INFO: created /replication: solr.ReplicationHandler
Apr 28, 2015 7:59:52 PM org.apache.solr.core.RequestHandlers initHandlersFromConfig
INFO: created /replication: solr.ReplicationHandler
Apr 28, 2015 7:59:52 PM org.apache.solr.core.RequestHandlers initHandlersFromConfig
INFO: created /replication: solr.ReplicationHandler
Apr 28, 2015 7:59:52 PM org.apache.solr.core.RequestHandlers initHandlersFromConfig
INFO: created /mlt: solr.MoreLikeThisHandler
Apr 28, 2015 7:59:52 PM org.apache.solr.core.RequestHandlers initHandlersFromConfig
INFO: created /mlt: solr.MoreLikeThisHandler
Apr 28, 2015 7:59:52 PM org.apache.solr.core.RequestHandlers initHandlersFromConfig
INFO: created /mlt: solr.MoreLikeThisHandler
Apr 28, 2015 7:59:52 PM org.apache.solr.core.RequestHandlers initHandlersFromConfig
INFO: created /admin/: solr.admin.AdminHandlers
Apr 28, 2015 7:59:52 PM org.apache.solr.core.RequestHandlers initHandlersFromConfig
INFO: created /admin/: solr.admin.AdminHandlers
Apr 28, 2015 7:59:52 PM org.apache.solr.core.RequestHandlers initHandlersFromConfig
INFO: created /admin/: solr.admin.AdminHandlers
Apr 28, 2015 7:59:52 PM org.apache.solr.handler.loader.XMLLoader init
INFO: xsltCacheLifetimeSeconds=60
Apr 28, 2015 7:59:52 PM org.apache.solr.handler.loader.XMLLoader init
INFO: xsltCacheLifetimeSeconds=60
Apr 28, 2015 7:59:52 PM org.apache.solr.handler.loader.XMLLoader init
INFO: xsltCacheLifetimeSeconds=60
Apr 28, 2015 7:59:52 PM org.apache.solr.handler.loader.XMLLoader init
INFO: xsltCacheLifetimeSeconds=60
Apr 28, 2015 7:59:52 PM org.apache.solr.handler.loader.XMLLoader init
INFO: xsltCacheLifetimeSeconds=60
Apr 28, 2015 7:59:52 PM org.apache.solr.handler.loader.XMLLoader init
INFO: xsltCacheLifetimeSeconds=60
Apr 28, 2015 7:59:52 PM org.apache.solr.handler.loader.XMLLoader init
INFO: xsltCacheLifetimeSeconds=60
Apr 28, 2015 7:59:52 PM org.apache.solr.handler.loader.XMLLoader init
INFO: xsltCacheLifetimeSeconds=60
Apr 28, 2015 7:59:52 PM org.apache.solr.handler.loader.XMLLoader init
INFO: xsltCacheLifetimeSeconds=60
Apr 28, 2015 7:59:52 PM org.apache.solr.search.SolrIndexSearcher <init>
INFO: Opening Searcher@3ec642e5 main
Apr 28, 2015 7:59:52 PM org.apache.solr.search.SolrIndexSearcher <init>
INFO: Opening Searcher@4a51e895 main
Apr 28, 2015 7:59:52 PM org.apache.solr.search.SolrIndexSearcher <init>
INFO: Opening Searcher@477cb451 main
Apr 28, 2015 7:59:53 PM org.apache.solr.update.CommitTracker <init>
INFO: Hard AutoCommit: if uncommited for 15000ms; 
Apr 28, 2015 7:59:53 PM org.apache.solr.update.CommitTracker <init>
INFO: Hard AutoCommit: if uncommited for 15000ms; 
Apr 28, 2015 7:59:53 PM org.apache.solr.update.CommitTracker <init>
INFO: Hard AutoCommit: if uncommited for 15000ms; 
Apr 28, 2015 7:59:53 PM org.apache.solr.update.CommitTracker <init>
INFO: Soft AutoCommit: if uncommited for 5000ms; 
Apr 28, 2015 7:59:53 PM org.apache.solr.update.CommitTracker <init>
INFO: Soft AutoCommit: if uncommited for 5000ms; 
Apr 28, 2015 7:59:53 PM org.apache.solr.handler.component.SpellCheckComponent inform
INFO: Initializing spell checkers
Apr 28, 2015 7:59:53 PM org.apache.solr.update.CommitTracker <init>
INFO: Soft AutoCommit: if uncommited for 5000ms; 
Apr 28, 2015 7:59:53 PM org.apache.solr.handler.component.SpellCheckComponent inform
INFO: Initializing spell checkers
Apr 28, 2015 7:59:53 PM org.apache.solr.handler.component.SpellCheckComponent inform
INFO: Initializing spell checkers
Apr 28, 2015 7:59:53 PM org.apache.solr.handler.component.SpellCheckComponent inform
INFO: Registering newSearcher listener for spellchecker: default
Apr 28, 2015 7:59:53 PM org.apache.solr.handler.component.SpellCheckComponent inform
INFO: Registering newSearcher listener for spellchecker: default
Apr 28, 2015 7:59:53 PM org.apache.solr.handler.component.SpellCheckComponent inform
INFO: Registering newSearcher listener for spellchecker: default
Apr 28, 2015 7:59:53 PM org.apache.solr.spelling.DirectSolrSpellChecker init
INFO: init: {name=example,field=title_text,buildOnCommit=true,classname=solr.DirectSolrSpellChecker,distanceMeasure=internal,accuracy=0.5,maxEdits=2,minPrefix=1,maxInspections=5,minQueryLength=4,maxQueryFrequency=0.01}
Apr 28, 2015 7:59:53 PM org.apache.solr.spelling.DirectSolrSpellChecker init
INFO: init: {name=example,field=title_text,buildOnCommit=true,classname=solr.DirectSolrSpellChecker,distanceMeasure=internal,accuracy=0.5,maxEdits=2,minPrefix=1,maxInspections=5,minQueryLength=4,maxQueryFrequency=0.01}
Apr 28, 2015 7:59:53 PM org.apache.solr.spelling.DirectSolrSpellChecker init
INFO: init: {name=example,field=title_text,buildOnCommit=true,classname=solr.DirectSolrSpellChecker,distanceMeasure=internal,accuracy=0.5,maxEdits=2,minPrefix=1,maxInspections=5,minQueryLength=4,maxQueryFrequency=0.01}
Apr 28, 2015 7:59:53 PM org.apache.solr.handler.component.SpellCheckComponent inform
INFO: Registering newSearcher listener for spellchecker: example
Apr 28, 2015 7:59:53 PM org.apache.solr.handler.component.SpellCheckComponent inform
INFO: Registering newSearcher listener for spellchecker: example
Apr 28, 2015 7:59:53 PM org.apache.solr.handler.component.SpellCheckComponent inform
INFO: Registering newSearcher listener for spellchecker: example
Apr 28, 2015 7:59:54 PM org.apache.solr.handler.component.SpellCheckComponent inform
INFO: No queryConverter defined, using default converter
Apr 28, 2015 7:59:54 PM org.apache.solr.handler.component.SpellCheckComponent inform
INFO: No queryConverter defined, using default converter
Apr 28, 2015 7:59:54 PM org.apache.solr.handler.component.SpellCheckComponent inform
INFO: No queryConverter defined, using default converter
Apr 28, 2015 7:59:55 PM org.apache.solr.handler.ReplicationHandler inform
INFO: Commits will be reserved for  10000
Apr 28, 2015 7:59:55 PM org.apache.solr.handler.ReplicationHandler inform
INFO: Commits will be reserved for  10000
Apr 28, 2015 7:59:55 PM org.apache.solr.handler.ReplicationHandler inform
INFO: Commits will be reserved for  10000
Apr 28, 2015 7:59:56 PM org.apache.solr.core.SolrCore registerSearcher
INFO: [development] Registered new searcher Searcher@4a51e895 main{StandardDirectoryReader(segments_1:1)}
Apr 28, 2015 7:59:56 PM org.apache.solr.core.SolrCore registerSearcher
INFO: [default] Registered new searcher Searcher@3ec642e5 main{StandardDirectoryReader(segments_1:1)}
Apr 28, 2015 7:59:56 PM org.apache.solr.core.SolrCore registerSearcher
INFO: [test] Registered new searcher Searcher@477cb451 main{StandardDirectoryReader(segments_1:1)}
Apr 28, 2015 7:59:56 PM org.apache.solr.core.CoreContainer registerCore
INFO: registering core: default
Apr 28, 2015 7:59:56 PM org.apache.solr.core.CoreContainer registerCore
INFO: registering core: development
Apr 28, 2015 7:59:56 PM org.apache.solr.core.CoreContainer registerCore
INFO: registering core: test
Apr 28, 2015 7:59:56 PM org.apache.solr.servlet.SolrDispatchFilter init
INFO: user.dir=/usr/local/rvm/gems/ruby-2.1.5@rails4/gems/sunspot_solr-2.2.0/solr
Apr 28, 2015 7:59:56 PM org.apache.solr.servlet.SolrDispatchFilter init
INFO: SolrDispatchFilter.init() done
